{"level":"info","message":"Storage directories initialized: E:\\company\\metadata-storge-script\\poodl-launchpad-metadata-storage-script\\storage, tmp/uploads","timestamp":"2025-04-10T18:03:24.685Z"}
{"allowedOrigins":["http://localhost:5173","http://127.0.0.1:5173"],"environment":"development","level":"info","message":"Server started on port 5143","storageDir":"E:\\company\\metadata-storge-script\\poodl-launchpad-metadata-storage-script\\storage","timestamp":"2025-04-10T18:03:24.689Z"}
{"level":"info","message":"Allowed CORS request from: http://localhost:5173","timestamp":"2025-04-10T18:09:01.778Z"}
{"level":"info","message":"Allowed CORS request from: http://localhost:5173","timestamp":"2025-04-10T18:09:01.786Z"}
{"body":{"chainID":"15257","discord":"","projectDescription":"hii","projectName":"alex x","telegram":"","tokenAddress":"0x0Cb8a4826Ee949327596130230F25883Df693219","twitter":"","website":""},"error":"Unexpected field","errorId":"7b6d6f40-4f4a-4302-b571-ff46ad176eba","level":"error","message":"Server error","method":"POST","path":"/store","stack":"MulterError: Unexpected field\n    at wrappedFileFilter (E:\\company\\metadata-storge-script\\poodl-launchpad-metadata-storage-script\\node_modules\\multer\\index.js:40:19)\n    at Multipart.<anonymous> (E:\\company\\metadata-storge-script\\poodl-launchpad-metadata-storage-script\\node_modules\\multer\\lib\\make-middleware.js:109:7)\n    at Multipart.emit (node:events:518:28)\n    at HeaderParser.cb (E:\\company\\metadata-storge-script\\poodl-launchpad-metadata-storage-script\\node_modules\\busboy\\lib\\types\\multipart.js:358:14)\n    at HeaderParser.push (E:\\company\\metadata-storge-script\\poodl-launchpad-metadata-storage-script\\node_modules\\busboy\\lib\\types\\multipart.js:162:20)\n    at SBMH.ssCb [as _cb] (E:\\company\\metadata-storge-script\\poodl-launchpad-metadata-storage-script\\node_modules\\busboy\\lib\\types\\multipart.js:394:37)\n    at feed (E:\\company\\metadata-storge-script\\poodl-launchpad-metadata-storage-script\\node_modules\\streamsearch\\lib\\sbmh.js:248:10)\n    at SBMH.push (E:\\company\\metadata-storge-script\\poodl-launchpad-metadata-storage-script\\node_modules\\streamsearch\\lib\\sbmh.js:104:16)\n    at Multipart._write (E:\\company\\metadata-storge-script\\poodl-launchpad-metadata-storage-script\\node_modules\\busboy\\lib\\types\\multipart.js:567:19)\n    at writeOrBuffer (node:internal/streams/writable:572:12)","timestamp":"2025-04-10T18:09:01.806Z"}
{"level":"info","message":{"duration":"38ms","ip":"::1","method":"POST","path":"/store","status":400,"userAgent":"Mozilla/5.0 (Windows NT 10.0; Win64; x64) AppleWebKit/537.36 (KHTML, like Gecko) Chrome/135.0.0.0 Safari/537.36"},"timestamp":"2025-04-10T18:09:01.828Z"}
{"level":"info","message":"Received SIGINT, shutting down gracefully...","timestamp":"2025-04-10T18:27:40.316Z"}
{"level":"info","message":"Storage directories initialized: E:\\company\\metadata-storge-script\\poodl-launchpad-metadata-storage-script\\storage, tmp/uploads","timestamp":"2025-04-10T18:27:43.385Z"}
{"allowedOrigins":["http://localhost:5173","http://127.0.0.1:5173"],"environment":"development","level":"info","maxImageSize":"3MB","message":"Server started on port 5143","storageDir":"E:\\company\\metadata-storge-script\\poodl-launchpad-metadata-storage-script\\storage","timestamp":"2025-04-10T18:27:43.389Z"}
{"level":"info","message":"Allowed CORS request from: http://localhost:5173","timestamp":"2025-04-10T18:30:25.744Z"}
{"level":"info","message":"Allowed CORS request from: http://localhost:5173","timestamp":"2025-04-10T18:30:25.756Z"}
{"level":"info","message":"Accepted file type: image/jpeg","timestamp":"2025-04-10T18:30:25.776Z"}
{"level":"info","message":"Upload directory ready: tmp/uploads/","timestamp":"2025-04-10T18:30:25.782Z"}
{"level":"info","message":"Generated filename: 97eb6e8e-1b3e-4a2f-8a7e-b9eb0df370ba.jpg","timestamp":"2025-04-10T18:30:25.785Z"}
{"level":"info","message":"Starting metadata storage process","requestId":"532c3195-dba6-42b2-8c70-bd4cf59eed8e","timestamp":"2025-04-10T18:30:25.821Z"}
{"level":"warn","message":"Missing required fields","missingFields":["projectName","projectDescription"],"requestId":"532c3195-dba6-42b2-8c70-bd4cf59eed8e","timestamp":"2025-04-10T18:30:25.823Z"}
{"level":"info","message":{"duration":"75ms","ip":"::1","method":"POST","path":"/store","status":400,"userAgent":"Mozilla/5.0 (Windows NT 10.0; Win64; x64) AppleWebKit/537.36 (KHTML, like Gecko) Chrome/135.0.0.0 Safari/537.36"},"timestamp":"2025-04-10T18:30:25.834Z"}
{"level":"info","message":"Allowed CORS request from: http://localhost:5173","timestamp":"2025-04-10T18:32:57.617Z"}
{"level":"info","message":"Allowed CORS request from: http://localhost:5173","timestamp":"2025-04-10T18:32:57.620Z"}
{"level":"info","message":"Accepted file type: image/jpeg","timestamp":"2025-04-10T18:32:57.622Z"}
{"level":"info","message":"Upload directory ready: tmp/uploads/","timestamp":"2025-04-10T18:32:57.623Z"}
{"level":"info","message":"Generated filename: 23e51b78-059c-43de-a098-cfb6315857d4.jpg","timestamp":"2025-04-10T18:32:57.624Z"}
{"level":"info","message":"Starting metadata storage process","requestId":"7e48bdff-81ea-4b35-b779-a21cada8badf","timestamp":"2025-04-10T18:32:57.630Z"}
{"level":"info","message":"Creating project directory: E:\\company\\metadata-storge-script\\poodl-launchpad-metadata-storage-script\\storage\\15257\\0x0Cb8a4826Ee949327596130230F25883Df693219","requestId":"7e48bdff-81ea-4b35-b779-a21cada8badf","timestamp":"2025-04-10T18:32:57.631Z"}
{"level":"info","message":"Moving uploaded file to: E:\\company\\metadata-storge-script\\poodl-launchpad-metadata-storage-script\\storage\\15257\\0x0Cb8a4826Ee949327596130230F25883Df693219\\project-image.jpg","requestId":"7e48bdff-81ea-4b35-b779-a21cada8badf","timestamp":"2025-04-10T18:32:57.632Z"}
{"level":"info","message":"Saving metadata to: E:\\company\\metadata-storge-script\\poodl-launchpad-metadata-storage-script\\storage\\15257\\0x0Cb8a4826Ee949327596130230F25883Df693219\\metadata.json","metadata":{"chainID":"15257","createdAt":"2025-04-10T18:32:57.634Z","discord":"","imageUrl":"/storage/15257/0x0Cb8a4826Ee949327596130230F25883Df693219/project-image.jpg","projectDescription":"undefined","projectName":"undefined","telegram":"","tokenAddress":"0x0Cb8a4826Ee949327596130230F25883Df693219","twitter":"","updatedAt":"2025-04-10T18:32:57.634Z","website":""},"requestId":"7e48bdff-81ea-4b35-b779-a21cada8badf","timestamp":"2025-04-10T18:32:57.634Z"}
{"level":"info","message":"Metadata storage successful","projectId":"15257/0x0Cb8a4826Ee949327596130230F25883Df693219","requestId":"7e48bdff-81ea-4b35-b779-a21cada8badf","timestamp":"2025-04-10T18:32:57.635Z"}
{"level":"info","message":{"duration":"16ms","ip":"::1","method":"POST","path":"/store","status":201,"userAgent":"Mozilla/5.0 (Windows NT 10.0; Win64; x64) AppleWebKit/537.36 (KHTML, like Gecko) Chrome/135.0.0.0 Safari/537.36"},"timestamp":"2025-04-10T18:32:57.636Z"}
